c:\users\josh\documents\visual studio 2013\projects\mfc_hello_world\mfc_hello_world\debug\mfc_hello_world.pch
c:\users\josh\documents\visual studio 2013\projects\mfc_hello_world\mfc_hello_world\debug\vc120.pdb
c:\users\josh\documents\visual studio 2013\projects\mfc_hello_world\mfc_hello_world\debug\vc120.idb
c:\users\josh\documents\visual studio 2013\projects\mfc_hello_world\mfc_hello_world\debug\stdafx.obj
c:\users\josh\documents\visual studio 2013\projects\mfc_hello_world\mfc_hello_world\debug\mainfrm.obj
c:\users\josh\documents\visual studio 2013\projects\mfc_hello_world\mfc_hello_world\debug\mfc_hello_world.obj
c:\users\josh\documents\visual studio 2013\projects\mfc_hello_world\mfc_hello_world\debug\mfc_hello_worlddoc.obj
c:\users\josh\documents\visual studio 2013\projects\mfc_hello_world\mfc_hello_world\debug\mfc_hello_worldview.obj
c:\users\josh\documents\visual studio 2013\projects\mfc_hello_world\debug\mfc_hello_world.ilk
c:\users\josh\documents\visual studio 2013\projects\mfc_hello_world\debug\mfc_hello_world.exe
c:\users\josh\documents\visual studio 2013\projects\mfc_hello_world\debug\mfc_hello_world.pdb
c:\users\josh\documents\visual studio 2013\projects\mfc_hello_world\mfc_hello_world\debug\mfc_hello_world.res
c:\users\josh\documents\visual studio 2013\projects\mfc_hello_world\mfc_hello_world\debug\mfc_hello_world.tlog\cl.command.1.tlog
c:\users\josh\documents\visual studio 2013\projects\mfc_hello_world\mfc_hello_world\debug\mfc_hello_world.tlog\cl.read.1.tlog
c:\users\josh\documents\visual studio 2013\projects\mfc_hello_world\mfc_hello_world\debug\mfc_hello_world.tlog\cl.write.1.tlog
c:\users\josh\documents\visual studio 2013\projects\mfc_hello_world\mfc_hello_world\debug\mfc_hello_world.tlog\link.command.1.tlog
c:\users\josh\documents\visual studio 2013\projects\mfc_hello_world\mfc_hello_world\debug\mfc_hello_world.tlog\link.read.1.tlog
c:\users\josh\documents\visual studio 2013\projects\mfc_hello_world\mfc_hello_world\debug\mfc_hello_world.tlog\link.write.1.tlog
c:\users\josh\documents\visual studio 2013\projects\mfc_hello_world\mfc_hello_world\debug\mfc_hello_world.tlog\rc.command.1.tlog
c:\users\josh\documents\visual studio 2013\projects\mfc_hello_world\mfc_hello_world\debug\mfc_hello_world.tlog\rc.read.1.tlog
c:\users\josh\documents\visual studio 2013\projects\mfc_hello_world\mfc_hello_world\debug\mfc_hello_world.tlog\rc.write.1.tlog
